<?xml version="1.0" encoding="UTF-8"?>
<!-- Generated by org.testng.reporters.JUnitReportReporter -->
<testsuite hostname="PT-PF3LX1SM" failures="0" tests="1" name="APITest" time="2.118" errors="0" timestamp="2024-02-06T15:59:24 WET" skipped="0">
  <testcase classname="APITest" name="test1" time="2.118"/>
</testsuite> <!-- APITest -->
