<?xml version="1.0" encoding="UTF-8"?>
<!-- Generated by org.testng.reporters.JUnitReportReporter -->
<testsuite hostname="PT-PF3LX1SM" failures="0" tests="1" name="APITest" time="7.287" errors="0" timestamp="2024-02-05T14:23:08 WET" skipped="0">
  <testcase classname="APITest" name="test1" time="7.287"/>
</testsuite> <!-- APITest -->
